<ERROR_INFO>
errID:4096
errStr:Object of class Site could not be converted to string
errFile:IWEB_PATH/core\webapplication_class.php
errLine:28
errTime:14-06-03 19:47:45
##出错时变量的值：##
array (
)
<\ERROR_INFO>
<ERROR_INFO>
errID:4096
errStr:Object of class IController could not be converted to string
errFile:IWEB_PATH/core\webapplication_class.php
errLine:28
errTime:14-06-03 19:47:45
##出错时变量的值：##
array (
)
<\ERROR_INFO>
<ERROR_INFO>
errID:4096
errStr:Object of class Site could not be converted to string
errFile:IWEB_PATH/core\webapplication_class.php
errLine:28
errTime:14-06-03 19:47:45
##出错时变量的值：##
array (
)
<\ERROR_INFO>
<ERROR_INFO>
errID:4096
errStr:Object of class Site could not be converted to string
errFile:IWEB_PATH/core\webapplication_class.php
errLine:28
errTime:14-06-03 19:47:45
##出错时变量的值：##
array (
)
<\ERROR_INFO>
<ERROR_INFO>
errID:4096
errStr:Object of class Site could not be converted to string
errFile:IWEB_PATH/core\webapplication_class.php
errLine:28
errTime:14-06-03 19:47:45
##出错时变量的值：##
array (
)
<\ERROR_INFO>
<ERROR_INFO>
errID:4096
errStr:Object of class Site could not be converted to string
errFile:IWEB_PATH/core\webapplication_class.php
errLine:28
errTime:14-06-03 19:47:45
##出错时变量的值：##
array (
)
<\ERROR_INFO>
<ERROR_INFO>
errID:4096
errStr:Object of class Site could not be converted to string
errFile:IWEB_PATH/core\webapplication_class.php
errLine:28
errTime:14-06-03 19:47:45
##出错时变量的值：##
array (
)
<\ERROR_INFO>
<ERROR_INFO>
errID:4096
errStr:Object of class Site could not be converted to string
errFile:IWEB_PATH/core\webapplication_class.php
errLine:28
errTime:14-06-03 19:47:49
##出错时变量的值：##
array (
)
<\ERROR_INFO>
<ERROR_INFO>
errID:4096
errStr:Object of class Site could not be converted to string
errFile:IWEB_PATH/core\webapplication_class.php
errLine:28
errTime:14-06-03 19:47:50
##出错时变量的值：##
array (
)
<\ERROR_INFO>
<ERROR_INFO>
errID:4096
errStr:Object of class Site could not be converted to string
errFile:IWEB_PATH/core\webapplication_class.php
errLine:28
errTime:14-06-03 19:47:50
##出错时变量的值：##
array (
)
<\ERROR_INFO>
<ERROR_INFO>
errID:4096
errStr:Object of class Site could not be converted to string
errFile:IWEB_PATH/core\webapplication_class.php
errLine:28
errTime:14-06-03 19:47:50
##出错时变量的值：##
array (
)
<\ERROR_INFO>
<ERROR_INFO>
errID:4096
errStr:Object of class Site could not be converted to string
errFile:IWEB_PATH/core\webapplication_class.php
errLine:28
errTime:14-06-03 19:47:51
##出错时变量的值：##
array (
)
<\ERROR_INFO>
