<ERROR_INFO>
errID:2
errStr:file_get_contents(http://item.jd.com/907012.html) [<a href='function.file-get-contents'>function.file-get-contents</a>]: failed to open stream: ”…”⁄¡¨Ω”∑Ω‘⁄“ª∂Œ ±º‰∫Û√ª”–’˝»∑¥∏¥ªÚ¡¨Ω”µƒ÷˜ª˙√ª”–∑¥”¶£¨¡¨Ω”≥¢ ‘ ß∞‹°£

errFile:E:\open\php\iwebshop\plugins\collect\collect.php
errLine:48
errTime:14-06-04 14:23:10
##Âá∫ÈîôÊó∂ÂèòÈáèÁöÑÂÄºÔºö##
array (
  'url' => 'http://item.jd.com/907012.html',
)
<\ERROR_INFO>
Ê≤°ÊúâÊâæÂà∞ÂïÜÂìÅÂ±ûÊÄß<ERROR_INFO>
errID:8
errStr:Undefined variable: siteConfig
errFile:E:\open\php\iwebshop\runtime\yixun\site\index.php
errLine:5
errTime:14-06-04 17:36:59
##Âá∫ÈîôÊó∂ÂèòÈáèÁöÑÂÄºÔºö##
array (
  '__runtimeFile' => 'E:/open/php/iwebshop\\runtime/yixun/site\\index.php',
  'data' => NULL,
)
<\ERROR_INFO>
<ERROR_INFO>
errID:8
errStr:Trying to get property of non-object
errFile:E:\open\php\iwebshop\runtime\yixun\site\index.php
errLine:5
errTime:14-06-04 17:36:59
##Âá∫ÈîôÊó∂ÂèòÈáèÁöÑÂÄºÔºö##
array (
  '__runtimeFile' => 'E:/open/php/iwebshop\\runtime/yixun/site\\index.php',
  'data' => NULL,
)
<\ERROR_INFO>
<ERROR_INFO>
errID:8
errStr:Undefined variable: siteConfig
errFile:E:\open\php\iwebshop\runtime\yixun\site\index.php
errLine:17
errTime:14-06-04 17:36:59
##Âá∫ÈîôÊó∂ÂèòÈáèÁöÑÂÄºÔºö##
array (
  '__runtimeFile' => 'E:/open/php/iwebshop\\runtime/yixun/site\\index.php',
  'data' => NULL,
)
<\ERROR_INFO>
<ERROR_INFO>
errID:8
errStr:Trying to get property of non-object
errFile:E:\open\php\iwebshop\runtime\yixun\site\index.php
errLine:17
errTime:14-06-04 17:36:59
##Âá∫ÈîôÊó∂ÂèòÈáèÁöÑÂÄºÔºö##
array (
  '__runtimeFile' => 'E:/open/php/iwebshop\\runtime/yixun/site\\index.php',
  'data' => NULL,
)
<\ERROR_INFO>
<ERROR_INFO>
errID:8
errStr:Undefined variable: callback
errFile:E:\open\php\iwebshop\runtime\yixun\site\index.php
errLine:37
errTime:14-06-04 17:36:59
##Âá∫ÈîôÊó∂ÂèòÈáèÁöÑÂÄºÔºö##
array (
  '__runtimeFile' => 'E:/open/php/iwebshop\\runtime/yixun/site\\index.php',
  'data' => NULL,
)
<\ERROR_INFO>
<ERROR_INFO>
errID:8
errStr:Undefined variable: callback
errFile:E:\open\php\iwebshop\runtime\yixun\site\index.php
errLine:117
errTime:14-06-04 17:36:59
##Âá∫ÈîôÊó∂ÂèòÈáèÁöÑÂÄºÔºö##
array (
  '__runtimeFile' => 'E:/open/php/iwebshop\\runtime/yixun/site\\index.php',
  'data' => NULL,
)
<\ERROR_INFO>
<ERROR_INFO>
errID:8
errStr:Undefined variable: siteConfig
errFile:E:\open\php\iwebshop\runtime\yixun\site\error.php
errLine:5
errTime:14-06-04 17:36:59
##Âá∫ÈîôÊó∂ÂèòÈáèÁöÑÂÄºÔºö##
array (
  '__runtimeFile' => 'E:/open/php/iwebshop\\runtime/yixun/site\\error.php',
  'data' => NULL,
)
<\ERROR_INFO>
<ERROR_INFO>
errID:8
errStr:Trying to get property of non-object
errFile:E:\open\php\iwebshop\runtime\yixun\site\error.php
errLine:5
errTime:14-06-04 17:36:59
##Âá∫ÈîôÊó∂ÂèòÈáèÁöÑÂÄºÔºö##
array (
  '__runtimeFile' => 'E:/open/php/iwebshop\\runtime/yixun/site\\error.php',
  'data' => NULL,
)
<\ERROR_INFO>
<ERROR_INFO>
errID:8
errStr:Undefined variable: siteConfig
errFile:E:\open\php\iwebshop\runtime\yixun\site\error.php
errLine:17
errTime:14-06-04 17:36:59
##Âá∫ÈîôÊó∂ÂèòÈáèÁöÑÂÄºÔºö##
array (
  '__runtimeFile' => 'E:/open/php/iwebshop\\runtime/yixun/site\\error.php',
  'data' => NULL,
)
<\ERROR_INFO>
<ERROR_INFO>
errID:8
errStr:Trying to get property of non-object
errFile:E:\open\php\iwebshop\runtime\yixun\site\error.php
errLine:17
errTime:14-06-04 17:36:59
##Âá∫ÈîôÊó∂ÂèòÈáèÁöÑÂÄºÔºö##
array (
  '__runtimeFile' => 'E:/open/php/iwebshop\\runtime/yixun/site\\error.php',
  'data' => NULL,
)
<\ERROR_INFO>
<ERROR_INFO>
errID:8
errStr:Undefined variable: callback
errFile:E:\open\php\iwebshop\runtime\yixun\site\error.php
errLine:37
errTime:14-06-04 17:36:59
##Âá∫ÈîôÊó∂ÂèòÈáèÁöÑÂÄºÔºö##
array (
  '__runtimeFile' => 'E:/open/php/iwebshop\\runtime/yixun/site\\error.php',
  'data' => NULL,
)
<\ERROR_INFO>
<ERROR_INFO>
errID:8
errStr:Undefined variable: callback
errFile:E:\open\php\iwebshop\runtime\yixun\site\error.php
errLine:117
errTime:14-06-04 17:36:59
##Âá∫ÈîôÊó∂ÂèòÈáèÁöÑÂÄºÔºö##
array (
  '__runtimeFile' => 'E:/open/php/iwebshop\\runtime/yixun/site\\error.php',
  'data' => NULL,
)
<\ERROR_INFO>
<ERROR_INFO>
errID:8
errStr:Undefined variable: siteConfig
errFile:E:\open\php\iwebshop\runtime\yixun\site\index.php
errLine:5
errTime:14-06-04 17:37:00
##Âá∫ÈîôÊó∂ÂèòÈáèÁöÑÂÄºÔºö##
array (
  '__runtimeFile' => 'E:/open/php/iwebshop\\runtime/yixun/site\\index.php',
  'data' => NULL,
)
<\ERROR_INFO>
<ERROR_INFO>
errID:8
errStr:Trying to get property of non-object
errFile:E:\open\php\iwebshop\runtime\yixun\site\index.php
errLine:5
errTime:14-06-04 17:37:00
##Âá∫ÈîôÊó∂ÂèòÈáèÁöÑÂÄºÔºö##
array (
  '__runtimeFile' => 'E:/open/php/iwebshop\\runtime/yixun/site\\index.php',
  'data' => NULL,
)
<\ERROR_INFO>
<ERROR_INFO>
errID:8
errStr:Undefined variable: siteConfig
errFile:E:\open\php\iwebshop\runtime\yixun\site\index.php
errLine:17
errTime:14-06-04 17:37:00
##Âá∫ÈîôÊó∂ÂèòÈáèÁöÑÂÄºÔºö##
array (
  '__runtimeFile' => 'E:/open/php/iwebshop\\runtime/yixun/site\\index.php',
  'data' => NULL,
)
<\ERROR_INFO>
<ERROR_INFO>
errID:8
errStr:Trying to get property of non-object
errFile:E:\open\php\iwebshop\runtime\yixun\site\index.php
errLine:17
errTime:14-06-04 17:37:00
##Âá∫ÈîôÊó∂ÂèòÈáèÁöÑÂÄºÔºö##
array (
  '__runtimeFile' => 'E:/open/php/iwebshop\\runtime/yixun/site\\index.php',
  'data' => NULL,
)
<\ERROR_INFO>
<ERROR_INFO>
errID:8
errStr:Undefined variable: callback
errFile:E:\open\php\iwebshop\runtime\yixun\site\index.php
errLine:37
errTime:14-06-04 17:37:00
##Âá∫ÈîôÊó∂ÂèòÈáèÁöÑÂÄºÔºö##
array (
  '__runtimeFile' => 'E:/open/php/iwebshop\\runtime/yixun/site\\index.php',
  'data' => NULL,
)
<\ERROR_INFO>
<ERROR_INFO>
errID:8
errStr:Undefined variable: callback
errFile:E:\open\php\iwebshop\runtime\yixun\site\index.php
errLine:117
errTime:14-06-04 17:37:00
##Âá∫ÈîôÊó∂ÂèòÈáèÁöÑÂÄºÔºö##
array (
  '__runtimeFile' => 'E:/open/php/iwebshop\\runtime/yixun/site\\index.php',
  'data' => NULL,
)
<\ERROR_INFO>
<ERROR_INFO>
errID:8
errStr:Undefined variable: siteConfig
errFile:E:\open\php\iwebshop\runtime\yixun\site\error.php
errLine:5
errTime:14-06-04 17:37:00
##Âá∫ÈîôÊó∂ÂèòÈáèÁöÑÂÄºÔºö##
array (
  '__runtimeFile' => 'E:/open/php/iwebshop\\runtime/yixun/site\\error.php',
  'data' => NULL,
)
<\ERROR_INFO>
<ERROR_INFO>
errID:8
errStr:Trying to get property of non-object
errFile:E:\open\php\iwebshop\runtime\yixun\site\error.php
errLine:5
errTime:14-06-04 17:37:00
##Âá∫ÈîôÊó∂ÂèòÈáèÁöÑÂÄºÔºö##
array (
  '__runtimeFile' => 'E:/open/php/iwebshop\\runtime/yixun/site\\error.php',
  'data' => NULL,
)
<\ERROR_INFO>
<ERROR_INFO>
errID:8
errStr:Undefined variable: siteConfig
errFile:E:\open\php\iwebshop\runtime\yixun\site\error.php
errLine:17
errTime:14-06-04 17:37:00
##Âá∫ÈîôÊó∂ÂèòÈáèÁöÑÂÄºÔºö##
array (
  '__runtimeFile' => 'E:/open/php/iwebshop\\runtime/yixun/site\\error.php',
  'data' => NULL,
)
<\ERROR_INFO>
<ERROR_INFO>
errID:8
errStr:Trying to get property of non-object
errFile:E:\open\php\iwebshop\runtime\yixun\site\error.php
errLine:17
errTime:14-06-04 17:37:00
##Âá∫ÈîôÊó∂ÂèòÈáèÁöÑÂÄºÔºö##
array (
  '__runtimeFile' => 'E:/open/php/iwebshop\\runtime/yixun/site\\error.php',
  'data' => NULL,
)
<\ERROR_INFO>
<ERROR_INFO>
errID:8
errStr:Undefined variable: callback
errFile:E:\open\php\iwebshop\runtime\yixun\site\error.php
errLine:37
errTime:14-06-04 17:37:00
##Âá∫ÈîôÊó∂ÂèòÈáèÁöÑÂÄºÔºö##
array (
  '__runtimeFile' => 'E:/open/php/iwebshop\\runtime/yixun/site\\error.php',
  'data' => NULL,
)
<\ERROR_INFO>
<ERROR_INFO>
errID:8
errStr:Undefined variable: callback
errFile:E:\open\php\iwebshop\runtime\yixun\site\error.php
errLine:117
errTime:14-06-04 17:37:00
##Âá∫ÈîôÊó∂ÂèòÈáèÁöÑÂÄºÔºö##
array (
  '__runtimeFile' => 'E:/open/php/iwebshop\\runtime/yixun/site\\error.php',
  'data' => NULL,
)
<\ERROR_INFO>
<ERROR_INFO>
errID:8
errStr:Undefined variable: siteConfig
errFile:E:\open\php\iwebshop\runtime\yixun\site\index.php
errLine:5
errTime:14-06-04 17:37:01
##Âá∫ÈîôÊó∂ÂèòÈáèÁöÑÂÄºÔºö##
array (
  '__runtimeFile' => 'E:/open/php/iwebshop\\runtime/yixun/site\\index.php',
  'data' => NULL,
)
<\ERROR_INFO>
<ERROR_INFO>
errID:8
errStr:Trying to get property of non-object
errFile:E:\open\php\iwebshop\runtime\yixun\site\index.php
errLine:5
errTime:14-06-04 17:37:01
##Âá∫ÈîôÊó∂ÂèòÈáèÁöÑÂÄºÔºö##
array (
  '__runtimeFile' => 'E:/open/php/iwebshop\\runtime/yixun/site\\index.php',
  'data' => NULL,
)
<\ERROR_INFO>
<ERROR_INFO>
errID:8
errStr:Undefined variable: siteConfig
errFile:E:\open\php\iwebshop\runtime\yixun\site\index.php
errLine:17
errTime:14-06-04 17:37:01
##Âá∫ÈîôÊó∂ÂèòÈáèÁöÑÂÄºÔºö##
array (
  '__runtimeFile' => 'E:/open/php/iwebshop\\runtime/yixun/site\\index.php',
  'data' => NULL,
)
<\ERROR_INFO>
<ERROR_INFO>
errID:8
errStr:Trying to get property of non-object
errFile:E:\open\php\iwebshop\runtime\yixun\site\index.php
errLine:17
errTime:14-06-04 17:37:01
##Âá∫ÈîôÊó∂ÂèòÈáèÁöÑÂÄºÔºö##
array (
  '__runtimeFile' => 'E:/open/php/iwebshop\\runtime/yixun/site\\index.php',
  'data' => NULL,
)
<\ERROR_INFO>
<ERROR_INFO>
errID:8
errStr:Undefined variable: callback
errFile:E:\open\php\iwebshop\runtime\yixun\site\index.php
errLine:37
errTime:14-06-04 17:37:01
##Âá∫ÈîôÊó∂ÂèòÈáèÁöÑÂÄºÔºö##
array (
  '__runtimeFile' => 'E:/open/php/iwebshop\\runtime/yixun/site\\index.php',
  'data' => NULL,
)
<\ERROR_INFO>
<ERROR_INFO>
errID:8
errStr:Undefined variable: callback
errFile:E:\open\php\iwebshop\runtime\yixun\site\index.php
errLine:117
errTime:14-06-04 17:37:01
##Âá∫ÈîôÊó∂ÂèòÈáèÁöÑÂÄºÔºö##
array (
  '__runtimeFile' => 'E:/open/php/iwebshop\\runtime/yixun/site\\index.php',
  'data' => NULL,
)
<\ERROR_INFO>
<ERROR_INFO>
errID:8
errStr:Undefined variable: siteConfig
errFile:E:\open\php\iwebshop\runtime\yixun\site\error.php
errLine:5
errTime:14-06-04 17:37:01
##Âá∫ÈîôÊó∂ÂèòÈáèÁöÑÂÄºÔºö##
array (
  '__runtimeFile' => 'E:/open/php/iwebshop\\runtime/yixun/site\\error.php',
  'data' => NULL,
)
<\ERROR_INFO>
<ERROR_INFO>
errID:8
errStr:Trying to get property of non-object
errFile:E:\open\php\iwebshop\runtime\yixun\site\error.php
errLine:5
errTime:14-06-04 17:37:01
##Âá∫ÈîôÊó∂ÂèòÈáèÁöÑÂÄºÔºö##
array (
  '__runtimeFile' => 'E:/open/php/iwebshop\\runtime/yixun/site\\error.php',
  'data' => NULL,
)
<\ERROR_INFO>
<ERROR_INFO>
errID:8
errStr:Undefined variable: siteConfig
errFile:E:\open\php\iwebshop\runtime\yixun\site\error.php
errLine:17
errTime:14-06-04 17:37:01
##Âá∫ÈîôÊó∂ÂèòÈáèÁöÑÂÄºÔºö##
array (
  '__runtimeFile' => 'E:/open/php/iwebshop\\runtime/yixun/site\\error.php',
  'data' => NULL,
)
<\ERROR_INFO>
<ERROR_INFO>
errID:8
errStr:Trying to get property of non-object
errFile:E:\open\php\iwebshop\runtime\yixun\site\error.php
errLine:17
errTime:14-06-04 17:37:01
##Âá∫ÈîôÊó∂ÂèòÈáèÁöÑÂÄºÔºö##
array (
  '__runtimeFile' => 'E:/open/php/iwebshop\\runtime/yixun/site\\error.php',
  'data' => NULL,
)
<\ERROR_INFO>
<ERROR_INFO>
errID:8
errStr:Undefined variable: callback
errFile:E:\open\php\iwebshop\runtime\yixun\site\error.php
errLine:37
errTime:14-06-04 17:37:01
##Âá∫ÈîôÊó∂ÂèòÈáèÁöÑÂÄºÔºö##
array (
  '__runtimeFile' => 'E:/open/php/iwebshop\\runtime/yixun/site\\error.php',
  'data' => NULL,
)
<\ERROR_INFO>
<ERROR_INFO>
errID:8
errStr:Undefined variable: callback
errFile:E:\open\php\iwebshop\runtime\yixun\site\error.php
errLine:117
errTime:14-06-04 17:37:01
##Âá∫ÈîôÊó∂ÂèòÈáèÁöÑÂÄºÔºö##
array (
  '__runtimeFile' => 'E:/open/php/iwebshop\\runtime/yixun/site\\error.php',
  'data' => NULL,
)
<\ERROR_INFO>
<ERROR_INFO>
errID:8
errStr:Undefined variable: siteConfig
errFile:E:\open\php\iwebshop\runtime\yixun\site\index.php
errLine:5
errTime:14-06-04 17:37:01
##Âá∫ÈîôÊó∂ÂèòÈáèÁöÑÂÄºÔºö##
array (
  '__runtimeFile' => 'E:/open/php/iwebshop\\runtime/yixun/site\\index.php',
  'data' => NULL,
)
<\ERROR_INFO>
<ERROR_INFO>
errID:8
errStr:Trying to get property of non-object
errFile:E:\open\php\iwebshop\runtime\yixun\site\index.php
errLine:5
errTime:14-06-04 17:37:01
##Âá∫ÈîôÊó∂ÂèòÈáèÁöÑÂÄºÔºö##
array (
  '__runtimeFile' => 'E:/open/php/iwebshop\\runtime/yixun/site\\index.php',
  'data' => NULL,
)
<\ERROR_INFO>
<ERROR_INFO>
errID:8
errStr:Undefined variable: siteConfig
errFile:E:\open\php\iwebshop\runtime\yixun\site\index.php
errLine:17
errTime:14-06-04 17:37:01
##Âá∫ÈîôÊó∂ÂèòÈáèÁöÑÂÄºÔºö##
array (
  '__runtimeFile' => 'E:/open/php/iwebshop\\runtime/yixun/site\\index.php',
  'data' => NULL,
)
<\ERROR_INFO>
<ERROR_INFO>
errID:8
errStr:Trying to get property of non-object
errFile:E:\open\php\iwebshop\runtime\yixun\site\index.php
errLine:17
errTime:14-06-04 17:37:01
##Âá∫ÈîôÊó∂ÂèòÈáèÁöÑÂÄºÔºö##
array (
  '__runtimeFile' => 'E:/open/php/iwebshop\\runtime/yixun/site\\index.php',
  'data' => NULL,
)
<\ERROR_INFO>
<ERROR_INFO>
errID:8
errStr:Undefined variable: callback
errFile:E:\open\php\iwebshop\runtime\yixun\site\index.php
errLine:37
errTime:14-06-04 17:37:01
##Âá∫ÈîôÊó∂ÂèòÈáèÁöÑÂÄºÔºö##
array (
  '__runtimeFile' => 'E:/open/php/iwebshop\\runtime/yixun/site\\index.php',
  'data' => NULL,
)
<\ERROR_INFO>
<ERROR_INFO>
errID:8
errStr:Undefined variable: callback
errFile:E:\open\php\iwebshop\runtime\yixun\site\index.php
errLine:117
errTime:14-06-04 17:37:01
##Âá∫ÈîôÊó∂ÂèòÈáèÁöÑÂÄºÔºö##
array (
  '__runtimeFile' => 'E:/open/php/iwebshop\\runtime/yixun/site\\index.php',
  'data' => NULL,
)
<\ERROR_INFO>
<ERROR_INFO>
errID:8
errStr:Undefined variable: siteConfig
errFile:E:\open\php\iwebshop\runtime\yixun\site\error.php
errLine:5
errTime:14-06-04 17:37:01
##Âá∫ÈîôÊó∂ÂèòÈáèÁöÑÂÄºÔºö##
array (
  '__runtimeFile' => 'E:/open/php/iwebshop\\runtime/yixun/site\\error.php',
  'data' => NULL,
)
<\ERROR_INFO>
<ERROR_INFO>
errID:8
errStr:Trying to get property of non-object
errFile:E:\open\php\iwebshop\runtime\yixun\site\error.php
errLine:5
errTime:14-06-04 17:37:01
##Âá∫ÈîôÊó∂ÂèòÈáèÁöÑÂÄºÔºö##
array (
  '__runtimeFile' => 'E:/open/php/iwebshop\\runtime/yixun/site\\error.php',
  'data' => NULL,
)
<\ERROR_INFO>
<ERROR_INFO>
errID:8
errStr:Undefined variable: siteConfig
errFile:E:\open\php\iwebshop\runtime\yixun\site\error.php
errLine:17
errTime:14-06-04 17:37:01
##Âá∫ÈîôÊó∂ÂèòÈáèÁöÑÂÄºÔºö##
array (
  '__runtimeFile' => 'E:/open/php/iwebshop\\runtime/yixun/site\\error.php',
  'data' => NULL,
)
<\ERROR_INFO>
<ERROR_INFO>
errID:8
errStr:Trying to get property of non-object
errFile:E:\open\php\iwebshop\runtime\yixun\site\error.php
errLine:17
errTime:14-06-04 17:37:01
##Âá∫ÈîôÊó∂ÂèòÈáèÁöÑÂÄºÔºö##
array (
  '__runtimeFile' => 'E:/open/php/iwebshop\\runtime/yixun/site\\error.php',
  'data' => NULL,
)
<\ERROR_INFO>
<ERROR_INFO>
errID:8
errStr:Undefined variable: callback
errFile:E:\open\php\iwebshop\runtime\yixun\site\error.php
errLine:37
errTime:14-06-04 17:37:01
##Âá∫ÈîôÊó∂ÂèòÈáèÁöÑÂÄºÔºö##
array (
  '__runtimeFile' => 'E:/open/php/iwebshop\\runtime/yixun/site\\error.php',
  'data' => NULL,
)
<\ERROR_INFO>
<ERROR_INFO>
errID:8
errStr:Undefined variable: callback
errFile:E:\open\php\iwebshop\runtime\yixun\site\error.php
errLine:117
errTime:14-06-04 17:37:01
##Âá∫ÈîôÊó∂ÂèòÈáèÁöÑÂÄºÔºö##
array (
  '__runtimeFile' => 'E:/open/php/iwebshop\\runtime/yixun/site\\error.php',
  'data' => NULL,
)
<\ERROR_INFO>
<ERROR_INFO>
errID:8
errStr:Undefined variable: siteConfig
errFile:E:\open\php\iwebshop\runtime\yixun\site\index.php
errLine:5
errTime:14-06-04 17:37:02
##Âá∫ÈîôÊó∂ÂèòÈáèÁöÑÂÄºÔºö##
array (
  '__runtimeFile' => 'E:/open/php/iwebshop\\runtime/yixun/site\\index.php',
  'data' => NULL,
)
<\ERROR_INFO>
<ERROR_INFO>
errID:8
errStr:Trying to get property of non-object
errFile:E:\open\php\iwebshop\runtime\yixun\site\index.php
errLine:5
errTime:14-06-04 17:37:02
##Âá∫ÈîôÊó∂ÂèòÈáèÁöÑÂÄºÔºö##
array (
  '__runtimeFile' => 'E:/open/php/iwebshop\\runtime/yixun/site\\index.php',
  'data' => NULL,
)
<\ERROR_INFO>
<ERROR_INFO>
errID:8
errStr:Undefined variable: siteConfig
errFile:E:\open\php\iwebshop\runtime\yixun\site\index.php
errLine:17
errTime:14-06-04 17:37:02
##Âá∫ÈîôÊó∂ÂèòÈáèÁöÑÂÄºÔºö##
array (
  '__runtimeFile' => 'E:/open/php/iwebshop\\runtime/yixun/site\\index.php',
  'data' => NULL,
)
<\ERROR_INFO>
<ERROR_INFO>
errID:8
errStr:Trying to get property of non-object
errFile:E:\open\php\iwebshop\runtime\yixun\site\index.php
errLine:17
errTime:14-06-04 17:37:02
##Âá∫ÈîôÊó∂ÂèòÈáèÁöÑÂÄºÔºö##
array (
  '__runtimeFile' => 'E:/open/php/iwebshop\\runtime/yixun/site\\index.php',
  'data' => NULL,
)
<\ERROR_INFO>
<ERROR_INFO>
errID:8
errStr:Undefined variable: callback
errFile:E:\open\php\iwebshop\runtime\yixun\site\index.php
errLine:37
errTime:14-06-04 17:37:02
##Âá∫ÈîôÊó∂ÂèòÈáèÁöÑÂÄºÔºö##
array (
  '__runtimeFile' => 'E:/open/php/iwebshop\\runtime/yixun/site\\index.php',
  'data' => NULL,
)
<\ERROR_INFO>
<ERROR_INFO>
errID:8
errStr:Undefined variable: callback
errFile:E:\open\php\iwebshop\runtime\yixun\site\index.php
errLine:117
errTime:14-06-04 17:37:02
##Âá∫ÈîôÊó∂ÂèòÈáèÁöÑÂÄºÔºö##
array (
  '__runtimeFile' => 'E:/open/php/iwebshop\\runtime/yixun/site\\index.php',
  'data' => NULL,
)
<\ERROR_INFO>
<ERROR_INFO>
errID:8
errStr:Undefined variable: siteConfig
errFile:E:\open\php\iwebshop\runtime\yixun\site\error.php
errLine:5
errTime:14-06-04 17:37:02
##Âá∫ÈîôÊó∂ÂèòÈáèÁöÑÂÄºÔºö##
array (
  '__runtimeFile' => 'E:/open/php/iwebshop\\runtime/yixun/site\\error.php',
  'data' => NULL,
)
<\ERROR_INFO>
<ERROR_INFO>
errID:8
errStr:Trying to get property of non-object
errFile:E:\open\php\iwebshop\runtime\yixun\site\error.php
errLine:5
errTime:14-06-04 17:37:02
##Âá∫ÈîôÊó∂ÂèòÈáèÁöÑÂÄºÔºö##
array (
  '__runtimeFile' => 'E:/open/php/iwebshop\\runtime/yixun/site\\error.php',
  'data' => NULL,
)
<\ERROR_INFO>
<ERROR_INFO>
errID:8
errStr:Undefined variable: siteConfig
errFile:E:\open\php\iwebshop\runtime\yixun\site\error.php
errLine:17
errTime:14-06-04 17:37:02
##Âá∫ÈîôÊó∂ÂèòÈáèÁöÑÂÄºÔºö##
array (
  '__runtimeFile' => 'E:/open/php/iwebshop\\runtime/yixun/site\\error.php',
  'data' => NULL,
)
<\ERROR_INFO>
<ERROR_INFO>
errID:8
errStr:Trying to get property of non-object
errFile:E:\open\php\iwebshop\runtime\yixun\site\error.php
errLine:17
errTime:14-06-04 17:37:02
##Âá∫ÈîôÊó∂ÂèòÈáèÁöÑÂÄºÔºö##
array (
  '__runtimeFile' => 'E:/open/php/iwebshop\\runtime/yixun/site\\error.php',
  'data' => NULL,
)
<\ERROR_INFO>
<ERROR_INFO>
errID:8
errStr:Undefined variable: callback
errFile:E:\open\php\iwebshop\runtime\yixun\site\error.php
errLine:37
errTime:14-06-04 17:37:02
##Âá∫ÈîôÊó∂ÂèòÈáèÁöÑÂÄºÔºö##
array (
  '__runtimeFile' => 'E:/open/php/iwebshop\\runtime/yixun/site\\error.php',
  'data' => NULL,
)
<\ERROR_INFO>
<ERROR_INFO>
errID:8
errStr:Undefined variable: callback
errFile:E:\open\php\iwebshop\runtime\yixun\site\error.php
errLine:117
errTime:14-06-04 17:37:02
##Âá∫ÈîôÊó∂ÂèòÈáèÁöÑÂÄºÔºö##
array (
  '__runtimeFile' => 'E:/open/php/iwebshop\\runtime/yixun/site\\error.php',
  'data' => NULL,
)
<\ERROR_INFO>
<ERROR_INFO>
errID:8
errStr:Undefined variable: siteConfig
errFile:E:\open\php\iwebshop\runtime\yixun\site\index.php
errLine:5
errTime:14-06-04 17:37:02
##Âá∫ÈîôÊó∂ÂèòÈáèÁöÑÂÄºÔºö##
array (
  '__runtimeFile' => 'E:/open/php/iwebshop\\runtime/yixun/site\\index.php',
  'data' => NULL,
)
<\ERROR_INFO>
<ERROR_INFO>
errID:8
errStr:Trying to get property of non-object
errFile:E:\open\php\iwebshop\runtime\yixun\site\index.php
errLine:5
errTime:14-06-04 17:37:02
##Âá∫ÈîôÊó∂ÂèòÈáèÁöÑÂÄºÔºö##
array (
  '__runtimeFile' => 'E:/open/php/iwebshop\\runtime/yixun/site\\index.php',
  'data' => NULL,
)
<\ERROR_INFO>
<ERROR_INFO>
errID:8
errStr:Undefined variable: siteConfig
errFile:E:\open\php\iwebshop\runtime\yixun\site\index.php
errLine:17
errTime:14-06-04 17:37:02
##Âá∫ÈîôÊó∂ÂèòÈáèÁöÑÂÄºÔºö##
array (
  '__runtimeFile' => 'E:/open/php/iwebshop\\runtime/yixun/site\\index.php',
  'data' => NULL,
)
<\ERROR_INFO>
<ERROR_INFO>
errID:8
errStr:Trying to get property of non-object
errFile:E:\open\php\iwebshop\runtime\yixun\site\index.php
errLine:17
errTime:14-06-04 17:37:02
##Âá∫ÈîôÊó∂ÂèòÈáèÁöÑÂÄºÔºö##
array (
  '__runtimeFile' => 'E:/open/php/iwebshop\\runtime/yixun/site\\index.php',
  'data' => NULL,
)
<\ERROR_INFO>
<ERROR_INFO>
errID:8
errStr:Undefined variable: callback
errFile:E:\open\php\iwebshop\runtime\yixun\site\index.php
errLine:37
errTime:14-06-04 17:37:02
##Âá∫ÈîôÊó∂ÂèòÈáèÁöÑÂÄºÔºö##
array (
  '__runtimeFile' => 'E:/open/php/iwebshop\\runtime/yixun/site\\index.php',
  'data' => NULL,
)
<\ERROR_INFO>
<ERROR_INFO>
errID:8
errStr:Undefined variable: callback
errFile:E:\open\php\iwebshop\runtime\yixun\site\index.php
errLine:117
errTime:14-06-04 17:37:02
##Âá∫ÈîôÊó∂ÂèòÈáèÁöÑÂÄºÔºö##
array (
  '__runtimeFile' => 'E:/open/php/iwebshop\\runtime/yixun/site\\index.php',
  'data' => NULL,
)
<\ERROR_INFO>
<ERROR_INFO>
errID:8
errStr:Undefined variable: siteConfig
errFile:E:\open\php\iwebshop\runtime\yixun\site\error.php
errLine:5
errTime:14-06-04 17:37:02
##Âá∫ÈîôÊó∂ÂèòÈáèÁöÑÂÄºÔºö##
array (
  '__runtimeFile' => 'E:/open/php/iwebshop\\runtime/yixun/site\\error.php',
  'data' => NULL,
)
<\ERROR_INFO>
<ERROR_INFO>
errID:8
errStr:Trying to get property of non-object
errFile:E:\open\php\iwebshop\runtime\yixun\site\error.php
errLine:5
errTime:14-06-04 17:37:02
##Âá∫ÈîôÊó∂ÂèòÈáèÁöÑÂÄºÔºö##
array (
  '__runtimeFile' => 'E:/open/php/iwebshop\\runtime/yixun/site\\error.php',
  'data' => NULL,
)
<\ERROR_INFO>
<ERROR_INFO>
errID:8
errStr:Undefined variable: siteConfig
errFile:E:\open\php\iwebshop\runtime\yixun\site\error.php
errLine:17
errTime:14-06-04 17:37:02
##Âá∫ÈîôÊó∂ÂèòÈáèÁöÑÂÄºÔºö##
array (
  '__runtimeFile' => 'E:/open/php/iwebshop\\runtime/yixun/site\\error.php',
  'data' => NULL,
)
<\ERROR_INFO>
<ERROR_INFO>
errID:8
errStr:Trying to get property of non-object
errFile:E:\open\php\iwebshop\runtime\yixun\site\error.php
errLine:17
errTime:14-06-04 17:37:02
##Âá∫ÈîôÊó∂ÂèòÈáèÁöÑÂÄºÔºö##
array (
  '__runtimeFile' => 'E:/open/php/iwebshop\\runtime/yixun/site\\error.php',
  'data' => NULL,
)
<\ERROR_INFO>
<ERROR_INFO>
errID:8
errStr:Undefined variable: callback
errFile:E:\open\php\iwebshop\runtime\yixun\site\error.php
errLine:37
errTime:14-06-04 17:37:02
##Âá∫ÈîôÊó∂ÂèòÈáèÁöÑÂÄºÔºö##
array (
  '__runtimeFile' => 'E:/open/php/iwebshop\\runtime/yixun/site\\error.php',
  'data' => NULL,
)
<\ERROR_INFO>
<ERROR_INFO>
errID:8
errStr:Undefined variable: callback
errFile:E:\open\php\iwebshop\runtime\yixun\site\error.php
errLine:117
errTime:14-06-04 17:37:02
##Âá∫ÈîôÊó∂ÂèòÈáèÁöÑÂÄºÔºö##
array (
  '__runtimeFile' => 'E:/open/php/iwebshop\\runtime/yixun/site\\error.php',
  'data' => NULL,
)
<\ERROR_INFO>
<ERROR_INFO>
errID:8
errStr:Undefined variable: siteConfig
errFile:E:\open\php\iwebshop\runtime\yixun\site\index.php
errLine:5
errTime:14-06-04 17:37:03
##Âá∫ÈîôÊó∂ÂèòÈáèÁöÑÂÄºÔºö##
array (
  '__runtimeFile' => 'E:/open/php/iwebshop\\runtime/yixun/site\\index.php',
  'data' => NULL,
)
<\ERROR_INFO>
<ERROR_INFO>
errID:8
errStr:Trying to get property of non-object
errFile:E:\open\php\iwebshop\runtime\yixun\site\index.php
errLine:5
errTime:14-06-04 17:37:03
##Âá∫ÈîôÊó∂ÂèòÈáèÁöÑÂÄºÔºö##
array (
  '__runtimeFile' => 'E:/open/php/iwebshop\\runtime/yixun/site\\index.php',
  'data' => NULL,
)
<\ERROR_INFO>
<ERROR_INFO>
errID:8
errStr:Undefined variable: siteConfig
errFile:E:\open\php\iwebshop\runtime\yixun\site\index.php
errLine:17
errTime:14-06-04 17:37:03
##Âá∫ÈîôÊó∂ÂèòÈáèÁöÑÂÄºÔºö##
array (
  '__runtimeFile' => 'E:/open/php/iwebshop\\runtime/yixun/site\\index.php',
  'data' => NULL,
)
<\ERROR_INFO>
<ERROR_INFO>
errID:8
errStr:Trying to get property of non-object
errFile:E:\open\php\iwebshop\runtime\yixun\site\index.php
errLine:17
errTime:14-06-04 17:37:03
##Âá∫ÈîôÊó∂ÂèòÈáèÁöÑÂÄºÔºö##
array (
  '__runtimeFile' => 'E:/open/php/iwebshop\\runtime/yixun/site\\index.php',
  'data' => NULL,
)
<\ERROR_INFO>
<ERROR_INFO>
errID:8
errStr:Undefined variable: callback
errFile:E:\open\php\iwebshop\runtime\yixun\site\index.php
errLine:37
errTime:14-06-04 17:37:03
##Âá∫ÈîôÊó∂ÂèòÈáèÁöÑÂÄºÔºö##
array (
  '__runtimeFile' => 'E:/open/php/iwebshop\\runtime/yixun/site\\index.php',
  'data' => NULL,
)
<\ERROR_INFO>
<ERROR_INFO>
errID:8
errStr:Undefined variable: callback
errFile:E:\open\php\iwebshop\runtime\yixun\site\index.php
errLine:117
errTime:14-06-04 17:37:03
##Âá∫ÈîôÊó∂ÂèòÈáèÁöÑÂÄºÔºö##
array (
  '__runtimeFile' => 'E:/open/php/iwebshop\\runtime/yixun/site\\index.php',
  'data' => NULL,
)
<\ERROR_INFO>
<ERROR_INFO>
errID:8
errStr:Undefined variable: siteConfig
errFile:E:\open\php\iwebshop\runtime\yixun\site\error.php
errLine:5
errTime:14-06-04 17:37:03
##Âá∫ÈîôÊó∂ÂèòÈáèÁöÑÂÄºÔºö##
array (
  '__runtimeFile' => 'E:/open/php/iwebshop\\runtime/yixun/site\\error.php',
  'data' => NULL,
)
<\ERROR_INFO>
<ERROR_INFO>
errID:8
errStr:Trying to get property of non-object
errFile:E:\open\php\iwebshop\runtime\yixun\site\error.php
errLine:5
errTime:14-06-04 17:37:03
##Âá∫ÈîôÊó∂ÂèòÈáèÁöÑÂÄºÔºö##
array (
  '__runtimeFile' => 'E:/open/php/iwebshop\\runtime/yixun/site\\error.php',
  'data' => NULL,
)
<\ERROR_INFO>
<ERROR_INFO>
errID:8
errStr:Undefined variable: siteConfig
errFile:E:\open\php\iwebshop\runtime\yixun\site\error.php
errLine:17
errTime:14-06-04 17:37:03
##Âá∫ÈîôÊó∂ÂèòÈáèÁöÑÂÄºÔºö##
array (
  '__runtimeFile' => 'E:/open/php/iwebshop\\runtime/yixun/site\\error.php',
  'data' => NULL,
)
<\ERROR_INFO>
<ERROR_INFO>
errID:8
errStr:Trying to get property of non-object
errFile:E:\open\php\iwebshop\runtime\yixun\site\error.php
errLine:17
errTime:14-06-04 17:37:03
##Âá∫ÈîôÊó∂ÂèòÈáèÁöÑÂÄºÔºö##
array (
  '__runtimeFile' => 'E:/open/php/iwebshop\\runtime/yixun/site\\error.php',
  'data' => NULL,
)
<\ERROR_INFO>
<ERROR_INFO>
errID:8
errStr:Undefined variable: callback
errFile:E:\open\php\iwebshop\runtime\yixun\site\error.php
errLine:37
errTime:14-06-04 17:37:03
##Âá∫ÈîôÊó∂ÂèòÈáèÁöÑÂÄºÔºö##
array (
  '__runtimeFile' => 'E:/open/php/iwebshop\\runtime/yixun/site\\error.php',
  'data' => NULL,
)
<\ERROR_INFO>
<ERROR_INFO>
errID:8
errStr:Undefined variable: callback
errFile:E:\open\php\iwebshop\runtime\yixun\site\error.php
errLine:117
errTime:14-06-04 17:37:03
##Âá∫ÈîôÊó∂ÂèòÈáèÁöÑÂÄºÔºö##
array (
  '__runtimeFile' => 'E:/open/php/iwebshop\\runtime/yixun/site\\error.php',
  'data' => NULL,
)
<\ERROR_INFO>
<ERROR_INFO>
errID:8
errStr:Undefined variable: siteConfig
errFile:E:\open\php\iwebshop\runtime\yixun\site\index.php
errLine:5
errTime:14-06-04 17:37:03
##Âá∫ÈîôÊó∂ÂèòÈáèÁöÑÂÄºÔºö##
array (
  '__runtimeFile' => 'E:/open/php/iwebshop\\runtime/yixun/site\\index.php',
  'data' => NULL,
)
<\ERROR_INFO>
<ERROR_INFO>
errID:8
errStr:Trying to get property of non-object
errFile:E:\open\php\iwebshop\runtime\yixun\site\index.php
errLine:5
errTime:14-06-04 17:37:03
##Âá∫ÈîôÊó∂ÂèòÈáèÁöÑÂÄºÔºö##
array (
  '__runtimeFile' => 'E:/open/php/iwebshop\\runtime/yixun/site\\index.php',
  'data' => NULL,
)
<\ERROR_INFO>
<ERROR_INFO>
errID:8
errStr:Undefined variable: siteConfig
errFile:E:\open\php\iwebshop\runtime\yixun\site\index.php
errLine:17
errTime:14-06-04 17:37:03
##Âá∫ÈîôÊó∂ÂèòÈáèÁöÑÂÄºÔºö##
array (
  '__runtimeFile' => 'E:/open/php/iwebshop\\runtime/yixun/site\\index.php',
  'data' => NULL,
)
<\ERROR_INFO>
<ERROR_INFO>
errID:8
errStr:Trying to get property of non-object
errFile:E:\open\php\iwebshop\runtime\yixun\site\index.php
errLine:17
errTime:14-06-04 17:37:03
##Âá∫ÈîôÊó∂ÂèòÈáèÁöÑÂÄºÔºö##
array (
  '__runtimeFile' => 'E:/open/php/iwebshop\\runtime/yixun/site\\index.php',
  'data' => NULL,
)
<\ERROR_INFO>
<ERROR_INFO>
errID:8
errStr:Undefined variable: callback
errFile:E:\open\php\iwebshop\runtime\yixun\site\index.php
errLine:37
errTime:14-06-04 17:37:03
##Âá∫ÈîôÊó∂ÂèòÈáèÁöÑÂÄºÔºö##
array (
  '__runtimeFile' => 'E:/open/php/iwebshop\\runtime/yixun/site\\index.php',
  'data' => NULL,
)
<\ERROR_INFO>
<ERROR_INFO>
errID:8
errStr:Undefined variable: callback
errFile:E:\open\php\iwebshop\runtime\yixun\site\index.php
errLine:117
errTime:14-06-04 17:37:03
##Âá∫ÈîôÊó∂ÂèòÈáèÁöÑÂÄºÔºö##
array (
  '__runtimeFile' => 'E:/open/php/iwebshop\\runtime/yixun/site\\index.php',
  'data' => NULL,
)
<\ERROR_INFO>
<ERROR_INFO>
errID:8
errStr:Undefined variable: siteConfig
errFile:E:\open\php\iwebshop\runtime\yixun\site\error.php
errLine:5
errTime:14-06-04 17:37:03
##Âá∫ÈîôÊó∂ÂèòÈáèÁöÑÂÄºÔºö##
array (
  '__runtimeFile' => 'E:/open/php/iwebshop\\runtime/yixun/site\\error.php',
  'data' => NULL,
)
<\ERROR_INFO>
<ERROR_INFO>
errID:8
errStr:Trying to get property of non-object
errFile:E:\open\php\iwebshop\runtime\yixun\site\error.php
errLine:5
errTime:14-06-04 17:37:03
##Âá∫ÈîôÊó∂ÂèòÈáèÁöÑÂÄºÔºö##
array (
  '__runtimeFile' => 'E:/open/php/iwebshop\\runtime/yixun/site\\error.php',
  'data' => NULL,
)
<\ERROR_INFO>
<ERROR_INFO>
errID:8
errStr:Undefined variable: siteConfig
errFile:E:\open\php\iwebshop\runtime\yixun\site\error.php
errLine:17
errTime:14-06-04 17:37:03
##Âá∫ÈîôÊó∂ÂèòÈáèÁöÑÂÄºÔºö##
array (
  '__runtimeFile' => 'E:/open/php/iwebshop\\runtime/yixun/site\\error.php',
  'data' => NULL,
)
<\ERROR_INFO>
<ERROR_INFO>
errID:8
errStr:Trying to get property of non-object
errFile:E:\open\php\iwebshop\runtime\yixun\site\error.php
errLine:17
errTime:14-06-04 17:37:03
##Âá∫ÈîôÊó∂ÂèòÈáèÁöÑÂÄºÔºö##
array (
  '__runtimeFile' => 'E:/open/php/iwebshop\\runtime/yixun/site\\error.php',
  'data' => NULL,
)
<\ERROR_INFO>
<ERROR_INFO>
errID:8
errStr:Undefined variable: callback
errFile:E:\open\php\iwebshop\runtime\yixun\site\error.php
errLine:37
errTime:14-06-04 17:37:03
##Âá∫ÈîôÊó∂ÂèòÈáèÁöÑÂÄºÔºö##
array (
  '__runtimeFile' => 'E:/open/php/iwebshop\\runtime/yixun/site\\error.php',
  'data' => NULL,
)
<\ERROR_INFO>
<ERROR_INFO>
errID:8
errStr:Undefined variable: callback
errFile:E:\open\php\iwebshop\runtime\yixun\site\error.php
errLine:117
errTime:14-06-04 17:37:03
##Âá∫ÈîôÊó∂ÂèòÈáèÁöÑÂÄºÔºö##
array (
  '__runtimeFile' => 'E:/open/php/iwebshop\\runtime/yixun/site\\error.php',
  'data' => NULL,
)
<\ERROR_INFO>
<ERROR_INFO>
errID:8
errStr:Undefined variable: siteConfig
errFile:E:\open\php\iwebshop\runtime\yixun\site\index.php
errLine:5
errTime:14-06-04 17:37:04
##Âá∫ÈîôÊó∂ÂèòÈáèÁöÑÂÄºÔºö##
array (
  '__runtimeFile' => 'E:/open/php/iwebshop\\runtime/yixun/site\\index.php',
  'data' => NULL,
)
<\ERROR_INFO>
<ERROR_INFO>
errID:8
errStr:Trying to get property of non-object
errFile:E:\open\php\iwebshop\runtime\yixun\site\index.php
errLine:5
errTime:14-06-04 17:37:04
##Âá∫ÈîôÊó∂ÂèòÈáèÁöÑÂÄºÔºö##
array (
  '__runtimeFile' => 'E:/open/php/iwebshop\\runtime/yixun/site\\index.php',
  'data' => NULL,
)
<\ERROR_INFO>
<ERROR_INFO>
errID:8
errStr:Undefined variable: siteConfig
errFile:E:\open\php\iwebshop\runtime\yixun\site\index.php
errLine:17
errTime:14-06-04 17:37:04
##Âá∫ÈîôÊó∂ÂèòÈáèÁöÑÂÄºÔºö##
array (
  '__runtimeFile' => 'E:/open/php/iwebshop\\runtime/yixun/site\\index.php',
  'data' => NULL,
)
<\ERROR_INFO>
<ERROR_INFO>
errID:8
errStr:Trying to get property of non-object
errFile:E:\open\php\iwebshop\runtime\yixun\site\index.php
errLine:17
errTime:14-06-04 17:37:04
##Âá∫ÈîôÊó∂ÂèòÈáèÁöÑÂÄºÔºö##
array (
  '__runtimeFile' => 'E:/open/php/iwebshop\\runtime/yixun/site\\index.php',
  'data' => NULL,
)
<\ERROR_INFO>
<ERROR_INFO>
errID:8
errStr:Undefined variable: callback
errFile:E:\open\php\iwebshop\runtime\yixun\site\index.php
errLine:37
errTime:14-06-04 17:37:04
##Âá∫ÈîôÊó∂ÂèòÈáèÁöÑÂÄºÔºö##
array (
  '__runtimeFile' => 'E:/open/php/iwebshop\\runtime/yixun/site\\index.php',
  'data' => NULL,
)
<\ERROR_INFO>
<ERROR_INFO>
errID:8
errStr:Undefined variable: callback
errFile:E:\open\php\iwebshop\runtime\yixun\site\index.php
errLine:117
errTime:14-06-04 17:37:04
##Âá∫ÈîôÊó∂ÂèòÈáèÁöÑÂÄºÔºö##
array (
  '__runtimeFile' => 'E:/open/php/iwebshop\\runtime/yixun/site\\index.php',
  'data' => NULL,
)
<\ERROR_INFO>
<ERROR_INFO>
errID:8
errStr:Undefined variable: siteConfig
errFile:E:\open\php\iwebshop\runtime\yixun\site\error.php
errLine:5
errTime:14-06-04 17:37:04
##Âá∫ÈîôÊó∂ÂèòÈáèÁöÑÂÄºÔºö##
array (
  '__runtimeFile' => 'E:/open/php/iwebshop\\runtime/yixun/site\\error.php',
  'data' => NULL,
)
<\ERROR_INFO>
<ERROR_INFO>
errID:8
errStr:Trying to get property of non-object
errFile:E:\open\php\iwebshop\runtime\yixun\site\error.php
errLine:5
errTime:14-06-04 17:37:04
##Âá∫ÈîôÊó∂ÂèòÈáèÁöÑÂÄºÔºö##
array (
  '__runtimeFile' => 'E:/open/php/iwebshop\\runtime/yixun/site\\error.php',
  'data' => NULL,
)
<\ERROR_INFO>
<ERROR_INFO>
errID:8
errStr:Undefined variable: siteConfig
errFile:E:\open\php\iwebshop\runtime\yixun\site\error.php
errLine:17
errTime:14-06-04 17:37:04
##Âá∫ÈîôÊó∂ÂèòÈáèÁöÑÂÄºÔºö##
array (
  '__runtimeFile' => 'E:/open/php/iwebshop\\runtime/yixun/site\\error.php',
  'data' => NULL,
)
<\ERROR_INFO>
<ERROR_INFO>
errID:8
errStr:Trying to get property of non-object
errFile:E:\open\php\iwebshop\runtime\yixun\site\error.php
errLine:17
errTime:14-06-04 17:37:04
##Âá∫ÈîôÊó∂ÂèòÈáèÁöÑÂÄºÔºö##
array (
  '__runtimeFile' => 'E:/open/php/iwebshop\\runtime/yixun/site\\error.php',
  'data' => NULL,
)
<\ERROR_INFO>
<ERROR_INFO>
errID:8
errStr:Undefined variable: callback
errFile:E:\open\php\iwebshop\runtime\yixun\site\error.php
errLine:37
errTime:14-06-04 17:37:04
##Âá∫ÈîôÊó∂ÂèòÈáèÁöÑÂÄºÔºö##
array (
  '__runtimeFile' => 'E:/open/php/iwebshop\\runtime/yixun/site\\error.php',
  'data' => NULL,
)
<\ERROR_INFO>
<ERROR_INFO>
errID:8
errStr:Undefined variable: callback
errFile:E:\open\php\iwebshop\runtime\yixun\site\error.php
errLine:117
errTime:14-06-04 17:37:04
##Âá∫ÈîôÊó∂ÂèòÈáèÁöÑÂÄºÔºö##
array (
  '__runtimeFile' => 'E:/open/php/iwebshop\\runtime/yixun/site\\error.php',
  'data' => NULL,
)
<\ERROR_INFO>
<ERROR_INFO>
errID:8
errStr:Undefined variable: siteConfig
errFile:E:\open\php\iwebshop\runtime\yixun\site\index.php
errLine:5
errTime:14-06-04 17:37:04
##Âá∫ÈîôÊó∂ÂèòÈáèÁöÑÂÄºÔºö##
array (
  '__runtimeFile' => 'E:/open/php/iwebshop\\runtime/yixun/site\\index.php',
  'data' => NULL,
)
<\ERROR_INFO>
<ERROR_INFO>
errID:8
errStr:Trying to get property of non-object
errFile:E:\open\php\iwebshop\runtime\yixun\site\index.php
errLine:5
errTime:14-06-04 17:37:04
##Âá∫ÈîôÊó∂ÂèòÈáèÁöÑÂÄºÔºö##
array (
  '__runtimeFile' => 'E:/open/php/iwebshop\\runtime/yixun/site\\index.php',
  'data' => NULL,
)
<\ERROR_INFO>
<ERROR_INFO>
errID:8
errStr:Undefined variable: siteConfig
errFile:E:\open\php\iwebshop\runtime\yixun\site\index.php
errLine:17
errTime:14-06-04 17:37:04
##Âá∫ÈîôÊó∂ÂèòÈáèÁöÑÂÄºÔºö##
array (
  '__runtimeFile' => 'E:/open/php/iwebshop\\runtime/yixun/site\\index.php',
  'data' => NULL,
)
<\ERROR_INFO>
<ERROR_INFO>
errID:8
errStr:Trying to get property of non-object
errFile:E:\open\php\iwebshop\runtime\yixun\site\index.php
errLine:17
errTime:14-06-04 17:37:04
##Âá∫ÈîôÊó∂ÂèòÈáèÁöÑÂÄºÔºö##
array (
  '__runtimeFile' => 'E:/open/php/iwebshop\\runtime/yixun/site\\index.php',
  'data' => NULL,
)
<\ERROR_INFO>
<ERROR_INFO>
errID:8
errStr:Undefined variable: callback
errFile:E:\open\php\iwebshop\runtime\yixun\site\index.php
errLine:37
errTime:14-06-04 17:37:04
##Âá∫ÈîôÊó∂ÂèòÈáèÁöÑÂÄºÔºö##
array (
  '__runtimeFile' => 'E:/open/php/iwebshop\\runtime/yixun/site\\index.php',
  'data' => NULL,
)
<\ERROR_INFO>
<ERROR_INFO>
errID:8
errStr:Undefined variable: callback
errFile:E:\open\php\iwebshop\runtime\yixun\site\index.php
errLine:117
errTime:14-06-04 17:37:04
##Âá∫ÈîôÊó∂ÂèòÈáèÁöÑÂÄºÔºö##
array (
  '__runtimeFile' => 'E:/open/php/iwebshop\\runtime/yixun/site\\index.php',
  'data' => NULL,
)
<\ERROR_INFO>
<ERROR_INFO>
errID:8
errStr:Undefined variable: siteConfig
errFile:E:\open\php\iwebshop\runtime\yixun\site\error.php
errLine:5
errTime:14-06-04 17:37:04
##Âá∫ÈîôÊó∂ÂèòÈáèÁöÑÂÄºÔºö##
array (
  '__runtimeFile' => 'E:/open/php/iwebshop\\runtime/yixun/site\\error.php',
  'data' => NULL,
)
<\ERROR_INFO>
<ERROR_INFO>
errID:8
errStr:Trying to get property of non-object
errFile:E:\open\php\iwebshop\runtime\yixun\site\error.php
errLine:5
errTime:14-06-04 17:37:04
##Âá∫ÈîôÊó∂ÂèòÈáèÁöÑÂÄºÔºö##
array (
  '__runtimeFile' => 'E:/open/php/iwebshop\\runtime/yixun/site\\error.php',
  'data' => NULL,
)
<\ERROR_INFO>
<ERROR_INFO>
errID:8
errStr:Undefined variable: siteConfig
errFile:E:\open\php\iwebshop\runtime\yixun\site\error.php
errLine:17
errTime:14-06-04 17:37:04
##Âá∫ÈîôÊó∂ÂèòÈáèÁöÑÂÄºÔºö##
array (
  '__runtimeFile' => 'E:/open/php/iwebshop\\runtime/yixun/site\\error.php',
  'data' => NULL,
)
<\ERROR_INFO>
<ERROR_INFO>
errID:8
errStr:Trying to get property of non-object
errFile:E:\open\php\iwebshop\runtime\yixun\site\error.php
errLine:17
errTime:14-06-04 17:37:04
##Âá∫ÈîôÊó∂ÂèòÈáèÁöÑÂÄºÔºö##
array (
  '__runtimeFile' => 'E:/open/php/iwebshop\\runtime/yixun/site\\error.php',
  'data' => NULL,
)
<\ERROR_INFO>
<ERROR_INFO>
errID:8
errStr:Undefined variable: callback
errFile:E:\open\php\iwebshop\runtime\yixun\site\error.php
errLine:37
errTime:14-06-04 17:37:04
##Âá∫ÈîôÊó∂ÂèòÈáèÁöÑÂÄºÔºö##
array (
  '__runtimeFile' => 'E:/open/php/iwebshop\\runtime/yixun/site\\error.php',
  'data' => NULL,
)
<\ERROR_INFO>
<ERROR_INFO>
errID:8
errStr:Undefined variable: callback
errFile:E:\open\php\iwebshop\runtime\yixun\site\error.php
errLine:117
errTime:14-06-04 17:37:04
##Âá∫ÈîôÊó∂ÂèòÈáèÁöÑÂÄºÔºö##
array (
  '__runtimeFile' => 'E:/open/php/iwebshop\\runtime/yixun/site\\error.php',
  'data' => NULL,
)
<\ERROR_INFO>
