<ERROR_INFO>
Mess: select  go.img,go.sell_price,go.name,go.id,go.market_price-g.sell_price as go.diffPrice from w_commend_goods as co left join w_goods  as go on co.goods_id = go.id where co.commend_id = 3 and go.is_del = 0 AND go.id is not null   order by sort asc,id desc limit 8
 -- You have an error in your SQL syntax; check the manual that corresponds to your MySQL server version for the right syntax to use near '.diffPrice from w_commend_goods as co left join w_goods  as go on co.goods_id = ' at line 1
Line: 89
File: IWEB_PATH/db\driver\mysql_class.php
##Debug_backtrace:##
	Func:read           	Class:IMysql         	Type:->   	Line:59   	File:IWEB_PATH/db\driver\mysql_class.php
	Func:doSql          	Class:IMysql         	Type:->   	Line:87   	File:IWEB_PATH/db\db_class.php
	Func:query          	Class:IDB            	Type:->   	Line:127  	File:IWEB_PATH/core\query_class.php
	Func:find           	Class:IQuery         	Type:->   	Line:233  	File:E:\open\php\iwebshop\runtime\yixun\site\index.php
	Func:require        	Class:               	Type:     	Line:116  	File:IWEB_PATH/web\controller\controllerbase_class.php
	Func:requireFile    	Class:IControllerBase	Type:->   	Line:82   	File:IWEB_PATH/web\controller\controllerbase_class.php
	Func:renderView     	Class:IControllerBase	Type:->   	Line:234  	File:IWEB_PATH/web\controller\controller_class.php
	Func:render         	Class:IController    	Type:->   	Line:46   	File:IWEB_PATH/web\action\view_action.php
	Func:run            	Class:IViewAction    	Type:->   	Line:402  	File:IWEB_PATH/web\controller\controller_class.php
	Func:redirect       	Class:IController    	Type:->   	Line:31   	File:E:\open\php\iwebshop\controllers\site.php
	Func:index          	Class:Site           	Type:->   	Line:24   	File:IWEB_PATH/web\action\inline_action.php
	Func:run            	Class:IInlineAction  	Type:->   	Line:171  	File:IWEB_PATH/web\controller\controller_class.php
	Func:run            	Class:IController    	Type:->   	Line:29   	File:IWEB_PATH/core\webapplication_class.php
	Func:execRequest    	Class:IWebApplication	Type:->   	Line:105  	File:IWEB_PATH/core\application_class.php
	Func:run            	Class:IApplication   	Type:->   	Line:5    	File:E:\open\php\iwebshop\index.php
</ERROR_INFO>
<ERROR_INFO>
Mess: select  go.img,go.sell_price,go.name,go.id,go.market_price-g.sell_price as go.diffPrice from w_commend_goods as co left join w_goods  as go on co.goods_id = go.id where co.commend_id = 3 and go.is_del = 0 AND go.id is not null   order by sort asc,id desc limit 8
 -- You have an error in your SQL syntax; check the manual that corresponds to your MySQL server version for the right syntax to use near '.diffPrice from w_commend_goods as co left join w_goods  as go on co.goods_id = ' at line 1
Line: 89
File: IWEB_PATH/db\driver\mysql_class.php
##Debug_backtrace:##
	Func:read           	Class:IMysql         	Type:->   	Line:59   	File:IWEB_PATH/db\driver\mysql_class.php
	Func:doSql          	Class:IMysql         	Type:->   	Line:87   	File:IWEB_PATH/db\db_class.php
	Func:query          	Class:IDB            	Type:->   	Line:127  	File:IWEB_PATH/core\query_class.php
	Func:find           	Class:IQuery         	Type:->   	Line:233  	File:E:\open\php\iwebshop\runtime\yixun\site\index.php
	Func:require        	Class:               	Type:     	Line:116  	File:IWEB_PATH/web\controller\controllerbase_class.php
	Func:requireFile    	Class:IControllerBase	Type:->   	Line:82   	File:IWEB_PATH/web\controller\controllerbase_class.php
	Func:renderView     	Class:IControllerBase	Type:->   	Line:234  	File:IWEB_PATH/web\controller\controller_class.php
	Func:render         	Class:IController    	Type:->   	Line:46   	File:IWEB_PATH/web\action\view_action.php
	Func:run            	Class:IViewAction    	Type:->   	Line:402  	File:IWEB_PATH/web\controller\controller_class.php
	Func:redirect       	Class:IController    	Type:->   	Line:31   	File:E:\open\php\iwebshop\controllers\site.php
	Func:index          	Class:Site           	Type:->   	Line:24   	File:IWEB_PATH/web\action\inline_action.php
	Func:run            	Class:IInlineAction  	Type:->   	Line:171  	File:IWEB_PATH/web\controller\controller_class.php
	Func:run            	Class:IController    	Type:->   	Line:29   	File:IWEB_PATH/core\webapplication_class.php
	Func:execRequest    	Class:IWebApplication	Type:->   	Line:105  	File:IWEB_PATH/core\application_class.php
	Func:run            	Class:IApplication   	Type:->   	Line:5    	File:E:\open\php\iwebshop\index.php
</ERROR_INFO>
<ERROR_INFO>
Mess: select  go.img,go.sell_price,go.name,go.id,go.market_price-g.sell_price as go.diffPrice from w_commend_goods as co left join w_goods  as go on co.goods_id = go.id where co.commend_id = 3 and go.is_del = 0 AND go.id is not null   order by sort asc,id desc limit 8
 -- You have an error in your SQL syntax; check the manual that corresponds to your MySQL server version for the right syntax to use near '.diffPrice from w_commend_goods as co left join w_goods  as go on co.goods_id = ' at line 1
Line: 89
File: IWEB_PATH/db\driver\mysql_class.php
##Debug_backtrace:##
	Func:read           	Class:IMysql         	Type:->   	Line:59   	File:IWEB_PATH/db\driver\mysql_class.php
	Func:doSql          	Class:IMysql         	Type:->   	Line:87   	File:IWEB_PATH/db\db_class.php
	Func:query          	Class:IDB            	Type:->   	Line:127  	File:IWEB_PATH/core\query_class.php
	Func:find           	Class:IQuery         	Type:->   	Line:233  	File:E:\open\php\iwebshop\runtime\yixun\site\index.php
	Func:require        	Class:               	Type:     	Line:116  	File:IWEB_PATH/web\controller\controllerbase_class.php
	Func:requireFile    	Class:IControllerBase	Type:->   	Line:82   	File:IWEB_PATH/web\controller\controllerbase_class.php
	Func:renderView     	Class:IControllerBase	Type:->   	Line:234  	File:IWEB_PATH/web\controller\controller_class.php
	Func:render         	Class:IController    	Type:->   	Line:46   	File:IWEB_PATH/web\action\view_action.php
	Func:run            	Class:IViewAction    	Type:->   	Line:402  	File:IWEB_PATH/web\controller\controller_class.php
	Func:redirect       	Class:IController    	Type:->   	Line:31   	File:E:\open\php\iwebshop\controllers\site.php
	Func:index          	Class:Site           	Type:->   	Line:24   	File:IWEB_PATH/web\action\inline_action.php
	Func:run            	Class:IInlineAction  	Type:->   	Line:171  	File:IWEB_PATH/web\controller\controller_class.php
	Func:run            	Class:IController    	Type:->   	Line:29   	File:IWEB_PATH/core\webapplication_class.php
	Func:execRequest    	Class:IWebApplication	Type:->   	Line:105  	File:IWEB_PATH/core\application_class.php
	Func:run            	Class:IApplication   	Type:->   	Line:5    	File:E:\open\php\iwebshop\index.php
</ERROR_INFO>
<ERROR_INFO>
Mess: select  go.img,go.sell_price,go.name,go.id,(go.market_price-g.sell_price) as go.diffPrice from w_commend_goods as co left join w_goods  as go on co.goods_id = go.id where co.commend_id = 3 and go.is_del = 0 AND go.id is not null   order by sort asc,id desc limit 8
 -- You have an error in your SQL syntax; check the manual that corresponds to your MySQL server version for the right syntax to use near '.diffPrice from w_commend_goods as co left join w_goods  as go on co.goods_id = ' at line 1
Line: 89
File: IWEB_PATH/db\driver\mysql_class.php
##Debug_backtrace:##
	Func:read           	Class:IMysql         	Type:->   	Line:59   	File:IWEB_PATH/db\driver\mysql_class.php
	Func:doSql          	Class:IMysql         	Type:->   	Line:87   	File:IWEB_PATH/db\db_class.php
	Func:query          	Class:IDB            	Type:->   	Line:127  	File:IWEB_PATH/core\query_class.php
	Func:find           	Class:IQuery         	Type:->   	Line:233  	File:E:\open\php\iwebshop\runtime\yixun\site\index.php
	Func:require        	Class:               	Type:     	Line:116  	File:IWEB_PATH/web\controller\controllerbase_class.php
	Func:requireFile    	Class:IControllerBase	Type:->   	Line:82   	File:IWEB_PATH/web\controller\controllerbase_class.php
	Func:renderView     	Class:IControllerBase	Type:->   	Line:234  	File:IWEB_PATH/web\controller\controller_class.php
	Func:render         	Class:IController    	Type:->   	Line:46   	File:IWEB_PATH/web\action\view_action.php
	Func:run            	Class:IViewAction    	Type:->   	Line:402  	File:IWEB_PATH/web\controller\controller_class.php
	Func:redirect       	Class:IController    	Type:->   	Line:31   	File:E:\open\php\iwebshop\controllers\site.php
	Func:index          	Class:Site           	Type:->   	Line:24   	File:IWEB_PATH/web\action\inline_action.php
	Func:run            	Class:IInlineAction  	Type:->   	Line:171  	File:IWEB_PATH/web\controller\controller_class.php
	Func:run            	Class:IController    	Type:->   	Line:29   	File:IWEB_PATH/core\webapplication_class.php
	Func:execRequest    	Class:IWebApplication	Type:->   	Line:105  	File:IWEB_PATH/core\application_class.php
	Func:run            	Class:IApplication   	Type:->   	Line:5    	File:E:\open\php\iwebshop\index.php
</ERROR_INFO>
<ERROR_INFO>
Mess: select  go.img,go.sell_price,go.name,go.id,(go.market_price-g.sell_price) as go.diffPrice from w_commend_goods as co left join w_goods  as go on co.goods_id = go.id where co.commend_id = 3 and go.is_del = 0 AND go.id is not null   order by sort asc,id desc limit 8
 -- You have an error in your SQL syntax; check the manual that corresponds to your MySQL server version for the right syntax to use near '.diffPrice from w_commend_goods as co left join w_goods  as go on co.goods_id = ' at line 1
Line: 89
File: IWEB_PATH/db\driver\mysql_class.php
##Debug_backtrace:##
	Func:read           	Class:IMysql         	Type:->   	Line:59   	File:IWEB_PATH/db\driver\mysql_class.php
	Func:doSql          	Class:IMysql         	Type:->   	Line:87   	File:IWEB_PATH/db\db_class.php
	Func:query          	Class:IDB            	Type:->   	Line:127  	File:IWEB_PATH/core\query_class.php
	Func:find           	Class:IQuery         	Type:->   	Line:233  	File:E:\open\php\iwebshop\runtime\yixun\site\index.php
	Func:require        	Class:               	Type:     	Line:116  	File:IWEB_PATH/web\controller\controllerbase_class.php
	Func:requireFile    	Class:IControllerBase	Type:->   	Line:82   	File:IWEB_PATH/web\controller\controllerbase_class.php
	Func:renderView     	Class:IControllerBase	Type:->   	Line:234  	File:IWEB_PATH/web\controller\controller_class.php
	Func:render         	Class:IController    	Type:->   	Line:46   	File:IWEB_PATH/web\action\view_action.php
	Func:run            	Class:IViewAction    	Type:->   	Line:402  	File:IWEB_PATH/web\controller\controller_class.php
	Func:redirect       	Class:IController    	Type:->   	Line:31   	File:E:\open\php\iwebshop\controllers\site.php
	Func:index          	Class:Site           	Type:->   	Line:24   	File:IWEB_PATH/web\action\inline_action.php
	Func:run            	Class:IInlineAction  	Type:->   	Line:171  	File:IWEB_PATH/web\controller\controller_class.php
	Func:run            	Class:IController    	Type:->   	Line:29   	File:IWEB_PATH/core\webapplication_class.php
	Func:execRequest    	Class:IWebApplication	Type:->   	Line:105  	File:IWEB_PATH/core\application_class.php
	Func:run            	Class:IApplication   	Type:->   	Line:5    	File:E:\open\php\iwebshop\index.php
</ERROR_INFO>
<ERROR_INFO>
Mess: select  go.img,go.sell_price,go.name,go.id,(go.market_price-g.sell_price) as go.diffPrice from w_commend_goods as co left join w_goods  as go on co.goods_id = go.id where co.commend_id = 3 and go.is_del = 0 AND go.id is not null   order by sort asc,id desc limit 8
 -- You have an error in your SQL syntax; check the manual that corresponds to your MySQL server version for the right syntax to use near '.diffPrice from w_commend_goods as co left join w_goods  as go on co.goods_id = ' at line 1
Line: 89
File: IWEB_PATH/db\driver\mysql_class.php
##Debug_backtrace:##
	Func:read           	Class:IMysql         	Type:->   	Line:59   	File:IWEB_PATH/db\driver\mysql_class.php
	Func:doSql          	Class:IMysql         	Type:->   	Line:87   	File:IWEB_PATH/db\db_class.php
	Func:query          	Class:IDB            	Type:->   	Line:127  	File:IWEB_PATH/core\query_class.php
	Func:find           	Class:IQuery         	Type:->   	Line:233  	File:E:\open\php\iwebshop\runtime\yixun\site\index.php
	Func:require        	Class:               	Type:     	Line:116  	File:IWEB_PATH/web\controller\controllerbase_class.php
	Func:requireFile    	Class:IControllerBase	Type:->   	Line:82   	File:IWEB_PATH/web\controller\controllerbase_class.php
	Func:renderView     	Class:IControllerBase	Type:->   	Line:234  	File:IWEB_PATH/web\controller\controller_class.php
	Func:render         	Class:IController    	Type:->   	Line:46   	File:IWEB_PATH/web\action\view_action.php
	Func:run            	Class:IViewAction    	Type:->   	Line:402  	File:IWEB_PATH/web\controller\controller_class.php
	Func:redirect       	Class:IController    	Type:->   	Line:31   	File:E:\open\php\iwebshop\controllers\site.php
	Func:index          	Class:Site           	Type:->   	Line:24   	File:IWEB_PATH/web\action\inline_action.php
	Func:run            	Class:IInlineAction  	Type:->   	Line:171  	File:IWEB_PATH/web\controller\controller_class.php
	Func:run            	Class:IController    	Type:->   	Line:29   	File:IWEB_PATH/core\webapplication_class.php
	Func:execRequest    	Class:IWebApplication	Type:->   	Line:105  	File:IWEB_PATH/core\application_class.php
	Func:run            	Class:IApplication   	Type:->   	Line:5    	File:E:\open\php\iwebshop\index.php
</ERROR_INFO>
